[INFO] 2022-01-12 12:32:32.074 org.apache.dolphinscheduler.api.controller.AlertGroupControllerTest:[55] - Starting AlertGroupControllerTest using Java 1.8.0_191 on bogon with PID 37084 (started by calvin in /Users/calvin/MyCloud/zhilian/workspace/dolphinscheduler/dolphinscheduler-api)
[INFO] 2022-01-12 12:32:32.090 org.apache.dolphinscheduler.api.controller.AlertGroupControllerTest:[659] - No active profile set, falling back to default profiles: default
[INFO] 2022-01-12 12:32:38.159 org.apache.dolphinscheduler.common.utils.PropertyUtils:[65] - Overriding property from system property: sun.cpu.isalist
[INFO] 2022-01-12 12:32:38.162 org.apache.dolphinscheduler.common.utils.PropertyUtils:[65] - Overriding property from system property: ftp.nonProxyHosts
[INFO] 2022-01-12 12:32:38.162 org.apache.dolphinscheduler.common.utils.PropertyUtils:[65] - Overriding property from system property: socksNonProxyHosts
[INFO] 2022-01-12 12:32:38.163 org.apache.dolphinscheduler.common.utils.PropertyUtils:[65] - Overriding property from system property: https.proxyPort
[INFO] 2022-01-12 12:32:38.163 org.apache.dolphinscheduler.common.utils.PropertyUtils:[65] - Overriding property from system property: sun.io.unicode.encoding
[INFO] 2022-01-12 12:32:38.163 org.apache.dolphinscheduler.common.utils.PropertyUtils:[65] - Overriding property from system property: sun.cpu.endian
[INFO] 2022-01-12 12:32:38.163 org.apache.dolphinscheduler.common.utils.PropertyUtils:[65] - Overriding property from system property: idea.test.cyclic.buffer.size
[INFO] 2022-01-12 12:32:38.163 org.apache.dolphinscheduler.common.utils.PropertyUtils:[65] - Overriding property from system property: java.vendor.url.bug
[INFO] 2022-01-12 12:32:38.163 org.apache.dolphinscheduler.common.utils.PropertyUtils:[65] - Overriding property from system property: file.separator
[INFO] 2022-01-12 12:32:38.163 org.apache.dolphinscheduler.common.utils.PropertyUtils:[65] - Overriding property from system property: java.awt.headless
[INFO] 2022-01-12 12:32:38.164 org.apache.dolphinscheduler.common.utils.PropertyUtils:[65] - Overriding property from system property: java.vendor
[INFO] 2022-01-12 12:32:38.164 org.apache.dolphinscheduler.common.utils.PropertyUtils:[65] - Overriding property from system property: sun.boot.class.path
[INFO] 2022-01-12 12:32:38.164 org.apache.dolphinscheduler.common.utils.PropertyUtils:[65] - Overriding property from system property: http.proxyHost
[INFO] 2022-01-12 12:32:38.164 org.apache.dolphinscheduler.common.utils.PropertyUtils:[65] - Overriding property from system property: java.ext.dirs
[INFO] 2022-01-12 12:32:38.164 org.apache.dolphinscheduler.common.utils.PropertyUtils:[65] - Overriding property from system property: java.version
[INFO] 2022-01-12 12:32:38.165 org.apache.dolphinscheduler.common.utils.PropertyUtils:[65] - Overriding property from system property: java.vm.info
[INFO] 2022-01-12 12:32:38.165 org.apache.dolphinscheduler.common.utils.PropertyUtils:[65] - Overriding property from system property: awt.toolkit
[INFO] 2022-01-12 12:32:38.165 org.apache.dolphinscheduler.common.utils.PropertyUtils:[65] - Overriding property from system property: user.language
[INFO] 2022-01-12 12:32:38.165 org.apache.dolphinscheduler.common.utils.PropertyUtils:[65] - Overriding property from system property: java.specification.vendor
[INFO] 2022-01-12 12:32:38.165 org.apache.dolphinscheduler.common.utils.PropertyUtils:[65] - Overriding property from system property: sun.java.command
[INFO] 2022-01-12 12:32:38.166 org.apache.dolphinscheduler.common.utils.PropertyUtils:[65] - Overriding property from system property: java.home
[INFO] 2022-01-12 12:32:38.166 org.apache.dolphinscheduler.common.utils.PropertyUtils:[65] - Overriding property from system property: sun.arch.data.model
[INFO] 2022-01-12 12:32:38.166 org.apache.dolphinscheduler.common.utils.PropertyUtils:[65] - Overriding property from system property: jacoco-agent.destfile
[INFO] 2022-01-12 12:32:38.166 org.apache.dolphinscheduler.common.utils.PropertyUtils:[65] - Overriding property from system property: java.vm.specification.version
[INFO] 2022-01-12 12:32:38.166 org.apache.dolphinscheduler.common.utils.PropertyUtils:[65] - Overriding property from system property: socksProxyHost
[INFO] 2022-01-12 12:32:38.167 org.apache.dolphinscheduler.common.utils.PropertyUtils:[65] - Overriding property from system property: java.class.path
[INFO] 2022-01-12 12:32:38.167 org.apache.dolphinscheduler.common.utils.PropertyUtils:[65] - Overriding property from system property: user.name
[INFO] 2022-01-12 12:32:38.167 org.apache.dolphinscheduler.common.utils.PropertyUtils:[65] - Overriding property from system property: file.encoding
[INFO] 2022-01-12 12:32:38.167 org.apache.dolphinscheduler.common.utils.PropertyUtils:[65] - Overriding property from system property: java.specification.version
[INFO] 2022-01-12 12:32:38.167 org.apache.dolphinscheduler.common.utils.PropertyUtils:[65] - Overriding property from system property: java.awt.printerjob
[INFO] 2022-01-12 12:32:38.167 org.apache.dolphinscheduler.common.utils.PropertyUtils:[65] - Overriding property from system property: user.timezone
[INFO] 2022-01-12 12:32:38.168 org.apache.dolphinscheduler.common.utils.PropertyUtils:[65] - Overriding property from system property: registry.zookeeper.connect-string
[INFO] 2022-01-12 12:32:38.168 org.apache.dolphinscheduler.common.utils.PropertyUtils:[65] - Overriding property from system property: user.home
[INFO] 2022-01-12 12:32:38.168 org.apache.dolphinscheduler.common.utils.PropertyUtils:[65] - Overriding property from system property: http.nonProxyHosts
[INFO] 2022-01-12 12:32:38.168 org.apache.dolphinscheduler.common.utils.PropertyUtils:[65] - Overriding property from system property: os.version
[INFO] 2022-01-12 12:32:38.168 org.apache.dolphinscheduler.common.utils.PropertyUtils:[65] - Overriding property from system property: sun.management.compiler
[INFO] 2022-01-12 12:32:38.168 org.apache.dolphinscheduler.common.utils.PropertyUtils:[65] - Overriding property from system property: java.specification.name
[INFO] 2022-01-12 12:32:38.168 org.apache.dolphinscheduler.common.utils.PropertyUtils:[65] - Overriding property from system property: java.class.version
[INFO] 2022-01-12 12:32:38.169 org.apache.dolphinscheduler.common.utils.PropertyUtils:[65] - Overriding property from system property: spring.beaninfo.ignore
[INFO] 2022-01-12 12:32:38.169 org.apache.dolphinscheduler.common.utils.PropertyUtils:[65] - Overriding property from system property: java.library.path
[INFO] 2022-01-12 12:32:38.169 org.apache.dolphinscheduler.common.utils.PropertyUtils:[65] - Overriding property from system property: http.proxyPort
[INFO] 2022-01-12 12:32:38.169 org.apache.dolphinscheduler.common.utils.PropertyUtils:[65] - Overriding property from system property: sun.jnu.encoding
[INFO] 2022-01-12 12:32:38.169 org.apache.dolphinscheduler.common.utils.PropertyUtils:[65] - Overriding property from system property: FILE_LOG_CHARSET
[INFO] 2022-01-12 12:32:38.170 org.apache.dolphinscheduler.common.utils.PropertyUtils:[65] - Overriding property from system property: os.name
[INFO] 2022-01-12 12:32:38.170 org.apache.dolphinscheduler.common.utils.PropertyUtils:[65] - Overriding property from system property: https.proxyHost
[INFO] 2022-01-12 12:32:38.170 org.apache.dolphinscheduler.common.utils.PropertyUtils:[65] - Overriding property from system property: java.vm.specification.vendor
[INFO] 2022-01-12 12:32:38.170 org.apache.dolphinscheduler.common.utils.PropertyUtils:[65] - Overriding property from system property: socksProxyPort
[INFO] 2022-01-12 12:32:38.170 org.apache.dolphinscheduler.common.utils.PropertyUtils:[65] - Overriding property from system property: java.io.tmpdir
[INFO] 2022-01-12 12:32:38.170 org.apache.dolphinscheduler.common.utils.PropertyUtils:[65] - Overriding property from system property: line.separator
[INFO] 2022-01-12 12:32:38.170 org.apache.dolphinscheduler.common.utils.PropertyUtils:[65] - Overriding property from system property: CONSOLE_LOG_CHARSET
[INFO] 2022-01-12 12:32:38.170 org.apache.dolphinscheduler.common.utils.PropertyUtils:[65] - Overriding property from system property: java.endorsed.dirs
[INFO] 2022-01-12 12:32:38.171 org.apache.dolphinscheduler.common.utils.PropertyUtils:[65] - Overriding property from system property: os.arch
[INFO] 2022-01-12 12:32:38.171 org.apache.dolphinscheduler.common.utils.PropertyUtils:[65] - Overriding property from system property: java.awt.graphicsenv
[INFO] 2022-01-12 12:32:38.171 org.apache.dolphinscheduler.common.utils.PropertyUtils:[65] - Overriding property from system property: java.runtime.version
[INFO] 2022-01-12 12:32:38.171 org.apache.dolphinscheduler.common.utils.PropertyUtils:[65] - Overriding property from system property: PID
[INFO] 2022-01-12 12:32:38.171 org.apache.dolphinscheduler.common.utils.PropertyUtils:[65] - Overriding property from system property: java.vm.specification.name
[INFO] 2022-01-12 12:32:38.171 org.apache.dolphinscheduler.common.utils.PropertyUtils:[65] - Overriding property from system property: user.dir
[INFO] 2022-01-12 12:32:38.171 org.apache.dolphinscheduler.common.utils.PropertyUtils:[65] - Overriding property from system property: user.country
[INFO] 2022-01-12 12:32:38.172 org.apache.dolphinscheduler.common.utils.PropertyUtils:[65] - Overriding property from system property: sun.java.launcher
[INFO] 2022-01-12 12:32:38.172 org.apache.dolphinscheduler.common.utils.PropertyUtils:[65] - Overriding property from system property: sun.os.patch.level
[INFO] 2022-01-12 12:32:38.172 org.apache.dolphinscheduler.common.utils.PropertyUtils:[65] - Overriding property from system property: java.vm.name
[INFO] 2022-01-12 12:32:38.172 org.apache.dolphinscheduler.common.utils.PropertyUtils:[65] - Overriding property from system property: file.encoding.pkg
[INFO] 2022-01-12 12:32:38.172 org.apache.dolphinscheduler.common.utils.PropertyUtils:[65] - Overriding property from system property: path.separator
[INFO] 2022-01-12 12:32:38.172 org.apache.dolphinscheduler.common.utils.PropertyUtils:[65] - Overriding property from system property: java.vm.vendor
[INFO] 2022-01-12 12:32:38.172 org.apache.dolphinscheduler.common.utils.PropertyUtils:[65] - Overriding property from system property: java.vendor.url
[INFO] 2022-01-12 12:32:38.173 org.apache.dolphinscheduler.common.utils.PropertyUtils:[65] - Overriding property from system property: gopherProxySet
[INFO] 2022-01-12 12:32:38.173 org.apache.dolphinscheduler.common.utils.PropertyUtils:[65] - Overriding property from system property: sun.boot.library.path
[INFO] 2022-01-12 12:32:38.173 org.apache.dolphinscheduler.common.utils.PropertyUtils:[65] - Overriding property from system property: java.vm.version
[INFO] 2022-01-12 12:32:38.173 org.apache.dolphinscheduler.common.utils.PropertyUtils:[65] - Overriding property from system property: java.runtime.name
[INFO] 2022-01-12 12:32:38.538 org.apache.curator.utils.Compatibility:[48] - Running in ZooKeeper 3.4.x compatibility mode
[INFO] 2022-01-12 12:32:38.541 org.apache.curator.utils.Compatibility:[61] - Using emulated InjectSessionExpiration
[INFO] 2022-01-12 12:32:38.608 org.apache.curator.framework.imps.CuratorFrameworkImpl:[308] - Starting
[INFO] 2022-01-12 12:32:38.638 org.apache.curator.framework.imps.CuratorFrameworkImpl:[356] - Default schema
[INFO] 2022-01-12 12:32:38.709 org.apache.curator.framework.state.ConnectionStateManager:[251] - State change: CONNECTED
[INFO] 2022-01-12 12:32:39.642 ru.yandex.clickhouse.ClickHouseDriver:[42] - Driver registered
[INFO] 2022-01-12 12:32:39.997 com.zaxxer.hikari.HikariDataSource:[110] - HikariPool-1 - Starting...
[INFO] 2022-01-12 12:32:40.403 com.zaxxer.hikari.HikariDataSource:[123] - HikariPool-1 - Start completed.
[INFO] 2022-01-12 12:32:45.158 org.quartz.impl.StdSchedulerFactory:[1220] - Using default implementation for ThreadExecutor
[INFO] 2022-01-12 12:32:45.183 org.quartz.core.SchedulerSignalerImpl:[61] - Initialized Scheduler Signaller of type: class org.quartz.core.SchedulerSignalerImpl
[INFO] 2022-01-12 12:32:45.183 org.quartz.core.QuartzScheduler:[229] - Quartz Scheduler v.2.3.2 created.
[INFO] 2022-01-12 12:32:45.185 org.quartz.simpl.RAMJobStore:[155] - RAMJobStore initialized.
[INFO] 2022-01-12 12:32:45.186 org.quartz.core.QuartzScheduler:[294] - Scheduler meta-data: Quartz Scheduler (v2.3.2) 'quartzScheduler' with instanceId 'NON_CLUSTERED'
  Scheduler class: 'org.quartz.core.QuartzScheduler' - running locally.
  NOT STARTED.
  Currently in standby mode.
  Number of jobs executed: 0
  Using thread pool 'org.quartz.simpl.SimpleThreadPool' - with 10 threads.
  Using job-store 'org.quartz.simpl.RAMJobStore' - which does not support persistence. and is not clustered.

[INFO] 2022-01-12 12:32:45.186 org.quartz.impl.StdSchedulerFactory:[1374] - Quartz scheduler 'quartzScheduler' initialized from an externally provided properties instance.
[INFO] 2022-01-12 12:32:45.186 org.quartz.impl.StdSchedulerFactory:[1378] - Quartz scheduler version: 2.3.2
[INFO] 2022-01-12 12:32:45.186 org.quartz.core.QuartzScheduler:[2293] - JobFactory set to: org.springframework.scheduling.quartz.SpringBeanJobFactory@4c2bea52
[INFO] 2022-01-12 12:32:47.888 org.springframework.boot.actuate.endpoint.web.EndpointLinksResolver:[58] - Exposing 1 endpoint(s) beneath base path '/actuator'
[INFO] 2022-01-12 12:32:48.372 springfox.documentation.spring.web.PropertySourcedRequestMappingHandlerMapping:[69] - Mapped URL path [/v2/api-docs] onto method [springfox.documentation.swagger2.web.Swagger2Controller#getDocumentation(String, HttpServletRequest)]
[INFO] 2022-01-12 12:32:48.613 org.eclipse.jetty.util.log:[170] - Logging initialized @19571ms to org.eclipse.jetty.util.log.Slf4jLog
[INFO] 2022-01-12 12:32:50.311 org.springframework.boot.test.mock.web.SpringBootMockServletContext:[455] - Initializing Spring TestDispatcherServlet ''
[INFO] 2022-01-12 12:32:50.313 org.springframework.test.web.servlet.TestDispatcherServlet:[525] - Initializing Servlet ''
[INFO] 2022-01-12 12:32:50.317 org.springframework.test.web.servlet.TestDispatcherServlet:[547] - Completed initialization in 4 ms
[INFO] 2022-01-12 12:32:50.452 springfox.documentation.spring.web.plugins.DocumentationPluginsBootstrapper:[160] - Context refreshed
[INFO] 2022-01-12 12:32:50.477 springfox.documentation.spring.web.plugins.DocumentationPluginsBootstrapper:[163] - Found 1 custom documentation plugin(s)
[INFO] 2022-01-12 12:32:50.689 springfox.documentation.spring.web.scanners.ApiListingReferenceScanner:[41] - Scanning for api listing references
[INFO] 2022-01-12 12:32:50.966 springfox.documentation.spring.web.readers.operation.CachingOperationNameGenerator:[40] - Generating unique operation named: getAlertPluginInstanceUsingGET_1
[INFO] 2022-01-12 12:32:50.972 springfox.documentation.spring.web.readers.operation.CachingOperationNameGenerator:[40] - Generating unique operation named: listPagingUsingGET_1
[INFO] 2022-01-12 12:32:50.980 springfox.documentation.spring.web.readers.operation.CachingOperationNameGenerator:[40] - Generating unique operation named: verifyGroupNameUsingGET_1
[INFO] 2022-01-12 12:32:51.266 springfox.documentation.spring.web.readers.operation.CachingOperationNameGenerator:[40] - Generating unique operation named: downloadTaskLogUsingGET_1
[INFO] 2022-01-12 12:32:51.285 springfox.documentation.spring.web.readers.operation.CachingOperationNameGenerator:[40] - Generating unique operation named: queryLogUsingGET_1
[INFO] 2022-01-12 12:32:51.635 springfox.documentation.spring.web.readers.operation.CachingOperationNameGenerator:[40] - Generating unique operation named: viewTreeUsingGET_1
[INFO] 2022-01-12 12:32:51.672 springfox.documentation.spring.web.readers.operation.CachingOperationNameGenerator:[40] - Generating unique operation named: createProjectUsingPOST_1
[INFO] 2022-01-12 12:32:51.974 org.springframework.scheduling.quartz.SchedulerFactoryBean:[727] - Starting Quartz Scheduler now
[INFO] 2022-01-12 12:32:51.974 org.quartz.core.QuartzScheduler:[547] - Scheduler quartzScheduler_$_NON_CLUSTERED started.
[INFO] 2022-01-12 12:32:52.001 org.apache.dolphinscheduler.api.controller.AlertGroupControllerTest:[61] - Started AlertGroupControllerTest in 21.279 seconds (JVM running for 22.96)
[INFO] 2022-01-12 12:32:52.675 org.apache.dolphinscheduler.api.aspect.AccessLogAspect:[90] - REQUEST TRACE_ID:23cc8476-55cb-4ddc-88ef-203e3ded469e, LOGIN_USER:admin, URI:/alert-groups/2, METHOD:PUT, HANDLER:org.apache.dolphinscheduler.api.controller.AlertGroupController.updateAlertgroup, ARGS:{groupName=cxc test group name, description=update alter group, alertInstanceIds=, id=2}
[INFO] 2022-01-12 12:32:52.914 org.apache.dolphinscheduler.api.controller.AlertGroupController:[158] - {"code":0,"msg":"success","data":null,"success":true,"failed":false}
[INFO] 2022-01-12 12:32:53.123 org.apache.dolphinscheduler.api.aspect.AccessLogAspect:[90] - REQUEST TRACE_ID:fb90ac9b-ce0c-4c94-8765-17c11586f207, LOGIN_USER:admin, URI:/alert-groups/list, METHOD:GET, HANDLER:org.apache.dolphinscheduler.api.controller.AlertGroupController.list, ARGS:{}
[INFO] 2022-01-12 12:32:53.154 org.apache.dolphinscheduler.api.controller.AlertGroupController:[104] - {"code":0,"msg":"success","data":[{"id":3,"groupName":"cxc test group name","alertInstanceIds":null,"description":null,"createTime":"2022-01-12T04:32:53.097+0000","updateTime":"2022-01-12T04:32:53.097+0000","createUserId":0},{"id":1,"groupName":"default admin warning group","alertInstanceIds":"1,2","description":"default admin warning group","createTime":"2018-11-29T02:20:39.000+0000","updateTime":"2018-11-29T02:20:39.000+0000","createUserId":1}],"success":true,"failed":false}
[INFO] 2022-01-12 12:32:53.208 org.apache.dolphinscheduler.api.aspect.AccessLogAspect:[90] - REQUEST TRACE_ID:7405a010-8a87-41b6-abb8-febd48773f07, LOGIN_USER:admin, URI:/alert-groups/query, METHOD:POST, HANDLER:org.apache.dolphinscheduler.api.controller.AlertGroupController.queryAlertGroupById, ARGS:{id=4}
[INFO] 2022-01-12 12:32:53.219 org.apache.dolphinscheduler.api.controller.AlertGroupController:[139] - {"code":0,"msg":"success","data":{"id":4,"groupName":"cxc test group name","alertInstanceIds":null,"description":null,"createTime":"2022-01-12T04:32:53.190+0000","updateTime":"2022-01-12T04:32:53.190+0000","createUserId":0},"success":true,"failed":false}
[INFO] 2022-01-12 12:32:53.297 org.apache.dolphinscheduler.api.aspect.AccessLogAspect:[90] - REQUEST TRACE_ID:45db1da1-5fcb-43d6-a988-f09aeff52b5d, LOGIN_USER:admin, URI:/alert-groups/verify-name, METHOD:GET, HANDLER:org.apache.dolphinscheduler.api.controller.AlertGroupController.verifyGroupName, ARGS:{groupName=cxc test group name}
[INFO] 2022-01-12 12:32:53.304 org.apache.dolphinscheduler.api.controller.AlertGroupController:[173] - {"code":0,"msg":"success","data":null,"success":true,"failed":false}
[INFO] 2022-01-12 12:32:53.339 org.apache.dolphinscheduler.api.aspect.AccessLogAspect:[90] - REQUEST TRACE_ID:b1f4ed59-1080-408a-b9d0-dc73981cafdb, LOGIN_USER:admin, URI:/alert-groups, METHOD:GET, HANDLER:org.apache.dolphinscheduler.api.controller.AlertGroupController.listPaging, ARGS:{searchVal=EMAIL, pageNo=1, pageSize=1}
[INFO] 2022-01-12 12:32:53.404 org.apache.dolphinscheduler.api.controller.AlertGroupController:[123] - {"code":0,"msg":"success","data":{"totalList":[],"total":0,"totalPage":1,"pageSize":1,"currentPage":1,"start":0},"success":true,"failed":false}
[INFO] 2022-01-12 12:32:53.429 org.apache.dolphinscheduler.api.aspect.AccessLogAspect:[90] - REQUEST TRACE_ID:5c957e00-8c1e-44d4-aef3-22ff1023efea, LOGIN_USER:admin, URI:/alert-groups/verify-name, METHOD:GET, HANDLER:org.apache.dolphinscheduler.api.controller.AlertGroupController.verifyGroupName, ARGS:{groupName=cxc test group name xx}
[INFO] 2022-01-12 12:32:53.431 org.apache.dolphinscheduler.api.controller.AlertGroupController:[188] - {"code":0,"msg":"success","data":null,"success":true,"failed":false}
[INFO] 2022-01-12 12:32:53.459 org.apache.dolphinscheduler.api.aspect.AccessLogAspect:[90] - REQUEST TRACE_ID:e56eb972-8753-4f58-939e-7021da4a7fb4, LOGIN_USER:admin, URI:/alert-groups, METHOD:POST, HANDLER:org.apache.dolphinscheduler.api.controller.AlertGroupController.createAlertgroup, ARGS:{groupName=cxc test group name, description=cxc junit 测试告警描述, alertInstanceIds=}
[INFO] 2022-01-12 12:32:53.482 org.apache.dolphinscheduler.api.controller.AlertGroupController:[89] - {"code":0,"msg":"success","data":null,"success":true,"failed":false}
[INFO] 2022-01-12 12:32:53.533 org.apache.dolphinscheduler.api.aspect.AccessLogAspect:[90] - REQUEST TRACE_ID:e3152b39-d83f-44eb-96d2-199630ad1880, LOGIN_USER:admin, URI:/alert-groups/7, METHOD:DELETE, HANDLER:org.apache.dolphinscheduler.api.controller.AlertGroupController.delAlertgroupById, ARGS:{id=7}
[INFO] 2022-01-12 12:32:53.538 org.apache.dolphinscheduler.api.controller.AlertGroupController:[203] - {"code":0,"msg":"success","data":null,"success":true,"failed":false}
[INFO] 2022-01-12 12:32:53.563 org.quartz.core.QuartzScheduler:[585] - Scheduler quartzScheduler_$_NON_CLUSTERED paused.
[INFO] 2022-01-12 12:32:53.569 org.springframework.scheduling.quartz.SchedulerFactoryBean:[845] - Shutting down Quartz Scheduler
[INFO] 2022-01-12 12:32:53.569 org.quartz.core.QuartzScheduler:[666] - Scheduler quartzScheduler_$_NON_CLUSTERED shutting down.
[INFO] 2022-01-12 12:32:53.569 org.quartz.core.QuartzScheduler:[585] - Scheduler quartzScheduler_$_NON_CLUSTERED paused.
[INFO] 2022-01-12 12:32:53.570 org.quartz.core.QuartzScheduler:[740] - Scheduler quartzScheduler_$_NON_CLUSTERED shutdown complete.
[INFO] 2022-01-12 12:32:53.577 org.apache.dolphinscheduler.remote.NettyRemotingClient:[390] - netty client closed
[INFO] 2022-01-12 12:32:53.579 org.apache.dolphinscheduler.service.log.LogClientService:[74] - logger client closed
[INFO] 2022-01-12 12:32:53.585 com.zaxxer.hikari.HikariDataSource:[350] - HikariPool-1 - Shutdown initiated...
[INFO] 2022-01-12 12:32:53.590 com.zaxxer.hikari.HikariDataSource:[352] - HikariPool-1 - Shutdown completed.
[INFO] 2022-01-12 12:32:53.595 org.apache.curator.framework.imps.CuratorFrameworkImpl:[955] - backgroundOperationsLoop exiting
