{
  "0 debug pnpm:scope": {
    "selected": 1
  },
  "1 info pnpm": {
    "err": {
      "name": "Error",
      "message": "not found: lint",
      "code": "ENOENT",
      "stack": "Error: not found: lint\n    at getNotFoundError (/Users/sbloodys/.nvm/versions/node/v16.14.0/lib/node_modules/pnpm/dist/pnpm.cjs:41595:51)\n    at Function.whichSync [as sync] (/Users/sbloodys/.nvm/versions/node/v16.14.0/lib/node_modules/pnpm/dist/pnpm.cjs:41672:13)\n    at getCommandAbsolutePathSync (/Users/sbloodys/.nvm/versions/node/v16.14.0/lib/node_modules/pnpm/dist/pnpm.cjs:43237:44)\n    at default_1 (/Users/sbloodys/.nvm/versions/node/v16.14.0/lib/node_modules/pnpm/dist/pnpm.cjs:43246:32)\n    at /Users/sbloodys/.nvm/versions/node/v16.14.0/lib/node_modules/pnpm/dist/pnpm.cjs:178233:39"
    }
  },
  "2 error pnpm": {
    "code": "ERR_PNPM_RECURSIVE_EXEC_FIRST_FAIL",
    "prefix": "/Users/sbloodys",
    "err": {
      "name": "pnpm",
      "message": "not found: lint",
      "code": "ERR_PNPM_RECURSIVE_EXEC_FIRST_FAIL",
      "stack": "Error: not found: lint\n    at getNotFoundError (/Users/sbloodys/.nvm/versions/node/v16.14.0/lib/node_modules/pnpm/dist/pnpm.cjs:41595:51)\n    at Function.whichSync [as sync] (/Users/sbloodys/.nvm/versions/node/v16.14.0/lib/node_modules/pnpm/dist/pnpm.cjs:41672:13)\n    at getCommandAbsolutePathSync (/Users/sbloodys/.nvm/versions/node/v16.14.0/lib/node_modules/pnpm/dist/pnpm.cjs:43237:44)\n    at default_1 (/Users/sbloodys/.nvm/versions/node/v16.14.0/lib/node_modules/pnpm/dist/pnpm.cjs:43246:32)\n    at /Users/sbloodys/.nvm/versions/node/v16.14.0/lib/node_modules/pnpm/dist/pnpm.cjs:178233:39"
    }
  }
}