#
# There is insufficient memory for the Java Runtime Environment to continue.
# Native memory allocation (malloc) failed to allocate 800576 bytes for Chunk::new
# Possible reasons:
#   The system is out of physical RAM or swap space
#   In 32 bit mode, the process size limit was hit
# Possible solutions:
#   Reduce memory load on the system
#   Increase physical memory or swap space
#   Check if swap backing store is full
#   Use 64 bit Java on a 64 bit OS
#   Decrease Java heap size (-Xmx/-Xms)
#   Decrease number of Java threads
#   Decrease Java thread stack sizes (-Xss)
#   Set larger code cache with -XX:ReservedCodeCacheSize=
# This output file may be truncated or incomplete.
#
#  Out of Memory Error (allocation.cpp:390), pid=10356, tid=30972
#
# JRE version: Java(TM) SE Runtime Environment (8.0_31-b13) (build 1.8.0_31-b13)
# Java VM: Java HotSpot(TM) 64-Bit Server VM (25.31-b07 mixed mode windows-amd64 compressed oops)
# Failed to write core dump. Minidumps are not enabled by default on client versions of Windows
#

---------------  T H R E A D  ---------------

Current thread (0x0000000020500800):  JavaThread "C2 CompilerThread2" daemon [_thread_in_native, id=30972, stack(0x0000000020a60000,0x0000000020b60000)]

Stack: [0x0000000020a60000,0x0000000020b60000]
Native frames: (J=compiled Java code, j=interpreted, Vv=VM code, C=native code)
V  [jvm.dll+0x3169ba]
V  [jvm.dll+0x2674c3]
V  [jvm.dll+0x268103]
V  [jvm.dll+0x25f8f5]
V  [jvm.dll+0xbf025]
V  [jvm.dll+0xbf4cc]
V  [jvm.dll+0x45df82]
V  [jvm.dll+0x49f21f]
V  [jvm.dll+0x453401]
V  [jvm.dll+0x454124]
V  [jvm.dll+0x437c62]
V  [jvm.dll+0x988e2]
V  [jvm.dll+0x990d3]
V  [jvm.dll+0x22c194]
V  [jvm.dll+0x28576a]
C  [msvcr100.dll+0x21d9f]
C  [msvcr100.dll+0x21e3b]
C  [KERNEL32.DLL+0x17bd4]
C  [ntdll.dll+0x6ce51]


Current CompileTask:
C2:  11709 4646   !   4       com.sun.org.apache.xml.internal.dtm.ref.dom2dtm.DOM2DTM::addNode (417 bytes)


---------------  P R O C E S S  ---------------

Java Threads: ( => current thread )
  0x00000000247d4800 JavaThread "ForkJoinPool.commonPool-worker-7" daemon [_thread_blocked, id=14568, stack(0x0000000029c00000,0x0000000029d00000)]
  0x00000000247d7800 JavaThread "ForkJoinPool.commonPool-worker-14" daemon [_thread_blocked, id=8836, stack(0x0000000029b00000,0x0000000029c00000)]
  0x00000000247d0000 JavaThread "ForkJoinPool.commonPool-worker-5" daemon [_thread_blocked, id=27424, stack(0x00000000296c0000,0x00000000297c0000)]
  0x00000000247d3000 JavaThread "ForkJoinPool.commonPool-worker-12" daemon [_thread_blocked, id=16144, stack(0x00000000295c0000,0x00000000296c0000)]
  0x00000000247d5800 JavaThread "ForkJoinPool.commonPool-worker-3" daemon [_thread_blocked, id=33564, stack(0x00000000294c0000,0x00000000295c0000)]
  0x00000000247d2800 JavaThread "ForkJoinPool.commonPool-worker-10" daemon [_thread_blocked, id=8900, stack(0x00000000291c0000,0x00000000292c0000)]
  0x00000000247d1000 JavaThread "ForkJoinPool.commonPool-worker-8" daemon [_thread_blocked, id=11008, stack(0x00000000290c0000,0x00000000291c0000)]
  0x00000000247d7000 JavaThread "ForkJoinPool.commonPool-worker-1" daemon [_thread_blocked, id=20452, stack(0x0000000028fc0000,0x00000000290c0000)]
  0x00000000247d6000 JavaThread "ForkJoinPool.commonPool-worker-15" daemon [_thread_blocked, id=22156, stack(0x0000000028ec0000,0x0000000028fc0000)]
  0x0000000020549000 JavaThread "ForkJoinPool.commonPool-worker-6" daemon [_thread_blocked, id=5148, stack(0x0000000028dc0000,0x0000000028ec0000)]
  0x000000002054e800 JavaThread "ForkJoinPool.commonPool-worker-13" daemon [_thread_blocked, id=34536, stack(0x0000000028cc0000,0x0000000028dc0000)]
  0x000000002054d000 JavaThread "ForkJoinPool.commonPool-worker-4" daemon [_thread_blocked, id=25060, stack(0x0000000028bc0000,0x0000000028cc0000)]
  0x000000002054c000 JavaThread "ForkJoinPool.commonPool-worker-11" daemon [_thread_blocked, id=8432, stack(0x0000000028ac0000,0x0000000028bc0000)]
  0x00000000205a0800 JavaThread "ForkJoinPool.commonPool-worker-2" daemon [_thread_blocked, id=4316, stack(0x00000000289c0000,0x0000000028ac0000)]
  0x000000002311e800 JavaThread "ForkJoinPool.commonPool-worker-9" daemon [_thread_blocked, id=13344, stack(0x0000000028670000,0x0000000028770000)]
  0x00000000233e1800 JavaThread "Druid-ConnectionPool-Destroy-117911771" daemon [_thread_blocked, id=9084, stack(0x0000000028170000,0x0000000028270000)]
  0x00000000233e1000 JavaThread "Druid-ConnectionPool-Create-117911771" daemon [_thread_blocked, id=27908, stack(0x0000000028070000,0x0000000028170000)]
  0x00000000267d7000 JavaThread "Abandoned connection cleanup thread" daemon [_thread_blocked, id=23732, stack(0x0000000027d70000,0x0000000027e70000)]
  0x00000000233a7800 JavaThread "Curator-TreeCache-0" daemon [_thread_blocked, id=24100, stack(0x0000000026800000,0x0000000026900000)]
  0x000000002333e000 JavaThread "Curator-Framework-0" daemon [_thread_blocked, id=34244, stack(0x0000000024580000,0x0000000024680000)]
  0x0000000024880000 JavaThread "Master-Server-EventThread" daemon [_thread_blocked, id=9880, stack(0x0000000024480000,0x0000000024580000)]
  0x0000000023438000 JavaThread "Master-Server-SendThread(127.0.0.1:2181)" daemon [_thread_in_native, id=34612, stack(0x0000000024380000,0x0000000024480000)]
  0x00000000239dc000 JavaThread "Curator-ConnectionStateManager-0" daemon [_thread_blocked, id=29296, stack(0x0000000022a50000,0x0000000022b50000)]
  0x00000000205ef800 JavaThread "Service Thread" daemon [_thread_blocked, id=21620, stack(0x0000000021560000,0x0000000021660000)]
  0x000000002054f000 JavaThread "C1 CompilerThread11" daemon [_thread_blocked, id=22524, stack(0x0000000021460000,0x0000000021560000)]
  0x000000002054a800 JavaThread "C1 CompilerThread10" daemon [_thread_in_native, id=22504, stack(0x0000000021360000,0x0000000021460000)]
  0x0000000020550000 JavaThread "C1 CompilerThread9" daemon [_thread_blocked, id=11704, stack(0x0000000021260000,0x0000000021360000)]
  0x000000002054a000 JavaThread "C1 CompilerThread8" daemon [_thread_blocked, id=22496, stack(0x0000000021160000,0x0000000021260000)]
  0x0000000020526800 JavaThread "C2 CompilerThread7" daemon [_thread_blocked, id=22072, stack(0x0000000020f60000,0x0000000021060000)]
  0x0000000020513800 JavaThread "C2 CompilerThread6" daemon [_thread_in_native, id=19964, stack(0x0000000020e60000,0x0000000020f60000)]
  0x0000000020513000 JavaThread "C2 CompilerThread5" daemon [_thread_blocked, id=12080, stack(0x0000000020d60000,0x0000000020e60000)]
  0x0000000020512000 JavaThread "C2 CompilerThread4" daemon [_thread_in_native, id=30576, stack(0x0000000020c60000,0x0000000020d60000)]
  0x000000002050d800 JavaThread "C2 CompilerThread3" daemon [_thread_in_native, id=31316, stack(0x0000000020b60000,0x0000000020c60000)]
=>0x0000000020500800 JavaThread "C2 CompilerThread2" daemon [_thread_in_native, id=30972, stack(0x0000000020a60000,0x0000000020b60000)]
  0x0000000020500000 JavaThread "C2 CompilerThread1" daemon [_thread_in_native, id=16004, stack(0x0000000020960000,0x0000000020a60000)]
  0x00000000204ff000 JavaThread "C2 CompilerThread0" daemon [_thread_in_native, id=33032, stack(0x0000000020860000,0x0000000020960000)]
  0x000000001e133800 JavaThread "JDWP Command Reader" daemon [_thread_in_native, id=23624, stack(0x000000001ff60000,0x0000000020060000)]
  0x000000001e131800 JavaThread "JDWP Event Helper Thread" daemon [_thread_blocked, id=23596, stack(0x000000001fe60000,0x000000001ff60000)]
  0x000000001e12a000 JavaThread "JDWP Transport Listener: dt_socket" daemon [_thread_blocked, id=21864, stack(0x000000001fd60000,0x000000001fe60000)]
  0x000000001e11d800 JavaThread "Attach Listener" daemon [_thread_blocked, id=13376, stack(0x000000001fb20000,0x000000001fc20000)]
  0x000000001e0ce000 JavaThread "Signal Dispatcher" daemon [_thread_blocked, id=26644, stack(0x000000001fa20000,0x000000001fb20000)]
  0x000000001c633000 JavaThread "Finalizer" daemon [_thread_blocked, id=30828, stack(0x000000001f920000,0x000000001fa20000)]
  0x000000001c62a000 JavaThread "Reference Handler" daemon [_thread_blocked, id=31608, stack(0x000000001f820000,0x000000001f920000)]
  0x0000000002919000 JavaThread "Master-Server" [_thread_in_vm, id=23368, stack(0x0000000002810000,0x0000000002910000)]

Other Threads:
  0x000000001e085800 VMThread [stack: 0x000000001f720000,0x000000001f820000] [id=31032]
  0x000000002060c800 WatcherThread [stack: 0x0000000021660000,0x0000000021760000] [id=22436]

VM state:not at safepoint (normal execution)

VM Mutex/Monitor currently owned by a thread: None

Heap:
 PSYoungGen      total 180736K, used 49029K [0x000000076e000000, 0x000000077e600000, 0x00000007c0000000)
  eden space 169984K, 27% used [0x000000076e000000,0x0000000770d817e0,0x0000000778600000)
  from space 10752K, 22% used [0x0000000778600000,0x0000000778860000,0x0000000779080000)
  to   space 11264K, 0% used [0x000000077db00000,0x000000077db00000,0x000000077e600000)
 ParOldGen       total 78336K, used 15549K [0x00000006ca000000, 0x00000006cec80000, 0x000000076e000000)
  object space 78336K, 19% used [0x00000006ca000000,0x00000006caf2f6d0,0x00000006cec80000)
 Metaspace       used 34050K, capacity 34878K, committed 35072K, reserved 1079296K
  class space    used 4111K, capacity 4281K, committed 4352K, reserved 1048576K

Card table byte_map: [0x0000000011f60000,0x0000000012720000] byte_map_base: 0x000000000e910000

Marking Bits: (ParMarkBitMap*) 0x000000007750d4f0
 Begin Bits: [0x0000000013940000, 0x00000000176c0000)
 End Bits:   [0x00000000176c0000, 0x000000001b440000)

Polling page: 0x0000000000590000

CodeCache: size=245760Kb used=18633Kb max_used=19363Kb free=227126Kb
 bounds [0x0000000002ba0000, 0x0000000003ea0000, 0x0000000011ba0000]
 total_blobs=4947 nmethods=4432 adapters=433
 compilation: enabled

Compilation events (10 events):
Event: 11.640 Thread 0x0000000020526800 4659       4       org.apache.ibatis.scripting.xmltags.StaticTextSqlNode::<init> (10 bytes)
Event: 11.641 Thread 0x0000000020526800 nmethod 4659 0x0000000003387d50 code [0x0000000003387e80, 0x0000000003387ef8]
Event: 11.643 Thread 0x0000000020513000 4660       4       org.apache.ibatis.parsing.XNode::getStringBody (14 bytes)
Event: 11.643 Thread 0x0000000020526800 4661       4       org.apache.ibatis.scripting.xmltags.TextSqlNode::<init> (7 bytes)
Event: 11.643 Thread 0x0000000020513000 nmethod 4660 0x0000000003bb4950 code [0x0000000003bb4a80, 0x0000000003bb4b18]
Event: 11.643 Thread 0x0000000020526800 nmethod 4661 0x000000000335f290 code [0x000000000335f3e0, 0x000000000335f468]
Event: 11.643 Thread 0x0000000020526800 4662       4       org.apache.ibatis.scripting.xmltags.TextSqlNode::isDynamic (28 bytes)
Event: 11.645 Thread 0x0000000020526800 nmethod 4662 0x0000000002f10790 code [0x0000000002f10900, 0x0000000002f10a88]
Event: 11.673 Thread 0x0000000020513000 4663       4       com.sun.org.apache.xpath.internal.VariableStack::reset (40 bytes)
Event: 11.675 Thread 0x0000000020513000 nmethod 4663 0x0000000002e79450 code [0x0000000002e795a0, 0x0000000002e79758]

GC Heap History (10 events):
Event: 3.985 GC heap before
{Heap before GC invocations=8 (full 1):
 PSYoungGen      total 72704K, used 63488K [0x000000076e000000, 0x0000000776c00000, 0x00000007c0000000)
  eden space 63488K, 100% used [0x000000076e000000,0x0000000771e00000,0x0000000771e00000)
  from space 9216K, 0% used [0x0000000772780000,0x0000000772780000,0x0000000773080000)
  to   space 9728K, 0% used [0x0000000771e00000,0x0000000771e00000,0x0000000772780000)
 ParOldGen       total 78336K, used 7043K [0x00000006ca000000, 0x00000006cec80000, 0x000000076e000000)
  object space 78336K, 8% used [0x00000006ca000000,0x00000006ca6e0d28,0x00000006cec80000)
 Metaspace       used 24447K, capacity 25054K, committed 25344K, reserved 1071104K
  class space    used 3107K, capacity 3245K, committed 3328K, reserved 1048576K
Event: 3.988 GC heap after
Heap after GC invocations=8 (full 1):
 PSYoungGen      total 73216K, used 3864K [0x000000076e000000, 0x0000000776780000, 0x00000007c0000000)
  eden space 63488K, 0% used [0x000000076e000000,0x000000076e000000,0x0000000771e00000)
  from space 9728K, 39% used [0x0000000771e00000,0x00000007721c6278,0x0000000772780000)
  to   space 10240K, 0% used [0x0000000775d80000,0x0000000775d80000,0x0000000776780000)
 ParOldGen       total 78336K, used 7051K [0x00000006ca000000, 0x00000006cec80000, 0x000000076e000000)
  object space 78336K, 9% used [0x00000006ca000000,0x00000006ca6e2d28,0x00000006cec80000)
 Metaspace       used 24447K, capacity 25054K, committed 25344K, reserved 1071104K
  class space    used 3107K, capacity 3245K, committed 3328K, reserved 1048576K
}
Event: 10.113 GC heap before
{Heap before GC invocations=9 (full 1):
 PSYoungGen      total 73216K, used 67352K [0x000000076e000000, 0x0000000776780000, 0x00000007c0000000)
  eden space 63488K, 100% used [0x000000076e000000,0x0000000771e00000,0x0000000771e00000)
  from space 9728K, 39% used [0x0000000771e00000,0x00000007721c6278,0x0000000772780000)
  to   space 10240K, 0% used [0x0000000775d80000,0x0000000775d80000,0x0000000776780000)
 ParOldGen       total 78336K, used 7051K [0x00000006ca000000, 0x00000006cec80000, 0x000000076e000000)
  object space 78336K, 9% used [0x00000006ca000000,0x00000006ca6e2d28,0x00000006cec80000)
 Metaspace       used 31891K, capacity 32534K, committed 32896K, reserved 1077248K
  class space    used 3964K, capacity 4129K, committed 4224K, reserved 1048576K
Event: 10.117 GC heap after
Heap after GC invocations=9 (full 1):
 PSYoungGen      total 124416K, used 8558K [0x000000076e000000, 0x0000000776600000, 0x00000007c0000000)
  eden space 115712K, 0% used [0x000000076e000000,0x000000076e000000,0x0000000775100000)
  from space 8704K, 98% used [0x0000000775d80000,0x00000007765db848,0x0000000776600000)
  to   space 10752K, 0% used [0x0000000775100000,0x0000000775100000,0x0000000775b80000)
 ParOldGen       total 78336K, used 7123K [0x00000006ca000000, 0x00000006cec80000, 0x000000076e000000)
  object space 78336K, 9% used [0x00000006ca000000,0x00000006ca6f4d38,0x00000006cec80000)
 Metaspace       used 31891K, capacity 32534K, committed 32896K, reserved 1077248K
  class space    used 3964K, capacity 4129K, committed 4224K, reserved 1048576K
}
Event: 10.536 GC heap before
{Heap before GC invocations=10 (full 1):
 PSYoungGen      total 124416K, used 124270K [0x000000076e000000, 0x0000000776600000, 0x00000007c0000000)
  eden space 115712K, 100% used [0x000000076e000000,0x0000000775100000,0x0000000775100000)
  from space 8704K, 98% used [0x0000000775d80000,0x00000007765db848,0x0000000776600000)
  to   space 10752K, 0% used [0x0000000775100000,0x0000000775100000,0x0000000775b80000)
 ParOldGen       total 78336K, used 7123K [0x00000006ca000000, 0x00000006cec80000, 0x000000076e000000)
  object space 78336K, 9% used [0x00000006ca000000,0x00000006ca6f4d38,0x00000006cec80000)
 Metaspace       used 33346K, capacity 34100K, committed 34304K, reserved 1079296K
  class space    used 4095K, capacity 4274K, committed 4352K, reserved 1048576K
Event: 10.540 GC heap after
Heap after GC invocations=10 (full 1):
 PSYoungGen      total 126464K, used 7818K [0x000000076e000000, 0x0000000779c00000, 0x00000007c0000000)
  eden space 115712K, 0% used [0x000000076e000000,0x000000076e000000,0x0000000775100000)
  from space 10752K, 72% used [0x0000000775100000,0x00000007758a2b88,0x0000000775b80000)
  to   space 10752K, 0% used [0x0000000779180000,0x0000000779180000,0x0000000779c00000)
 ParOldGen       total 78336K, used 7131K [0x00000006ca000000, 0x00000006cec80000, 0x000000076e000000)
  object space 78336K, 9% used [0x00000006ca000000,0x00000006ca6f6d38,0x00000006cec80000)
 Metaspace       used 33346K, capacity 34100K, committed 34304K, reserved 1079296K
  class space    used 4095K, capacity 4274K, committed 4352K, reserved 1048576K
}
Event: 10.898 GC heap before
{Heap before GC invocations=11 (full 1):
 PSYoungGen      total 126464K, used 123530K [0x000000076e000000, 0x0000000779c00000, 0x00000007c0000000)
  eden space 115712K, 100% used [0x000000076e000000,0x0000000775100000,0x0000000775100000)
  from space 10752K, 72% used [0x0000000775100000,0x00000007758a2b88,0x0000000775b80000)
  to   space 10752K, 0% used [0x0000000779180000,0x0000000779180000,0x0000000779c00000)
 ParOldGen       total 78336K, used 7131K [0x00000006ca000000, 0x00000006cec80000, 0x000000076e000000)
  object space 78336K, 9% used [0x00000006ca000000,0x00000006ca6f6d38,0x00000006cec80000)
 Metaspace       used 33665K, capacity 34368K, committed 34560K, reserved 1079296K
  class space    used 4099K, capacity 4278K, committed 4352K, reserved 1048576K
Event: 10.904 GC heap after
Heap after GC invocations=11 (full 1):
 PSYoungGen      total 179712K, used 3552K [0x000000076e000000, 0x0000000779b00000, 0x00000007c0000000)
  eden space 169984K, 0% used [0x000000076e000000,0x000000076e000000,0x0000000778600000)
  from space 9728K, 36% used [0x0000000779180000,0x00000007794f8110,0x0000000779b00000)
  to   space 10752K, 0% used [0x0000000778600000,0x0000000778600000,0x0000000779080000)
 ParOldGen       total 78336K, used 12416K [0x00000006ca000000, 0x00000006cec80000, 0x000000076e000000)
  object space 78336K, 15% used [0x00000006ca000000,0x00000006cac20268,0x00000006cec80000)
 Metaspace       used 33665K, capacity 34368K, committed 34560K, reserved 1079296K
  class space    used 4099K, capacity 4278K, committed 4352K, reserved 1048576K
}
Event: 11.559 GC heap before
{Heap before GC invocations=12 (full 1):
 PSYoungGen      total 179712K, used 173536K [0x000000076e000000, 0x0000000779b00000, 0x00000007c0000000)
  eden space 169984K, 100% used [0x000000076e000000,0x0000000778600000,0x0000000778600000)
  from space 9728K, 36% used [0x0000000779180000,0x00000007794f8110,0x0000000779b00000)
  to   space 10752K, 0% used [0x0000000778600000,0x0000000778600000,0x0000000779080000)
 ParOldGen       total 78336K, used 12416K [0x00000006ca000000, 0x00000006cec80000, 0x000000076e000000)
  object space 78336K, 15% used [0x00000006ca000000,0x00000006cac20268,0x00000006cec80000)
 Metaspace       used 33933K, capacity 34678K, committed 34816K, reserved 1079296K
  class space    used 4102K, capacity 4281K, committed 4352K, reserved 1048576K
Event: 11.564 GC heap after
Heap after GC invocations=12 (full 1):
 PSYoungGen      total 180736K, used 2432K [0x000000076e000000, 0x000000077e600000, 0x00000007c0000000)
  eden space 169984K, 0% used [0x000000076e000000,0x000000076e000000,0x0000000778600000)
  from space 10752K, 22% used [0x0000000778600000,0x0000000778860000,0x0000000779080000)
  to   space 11264K, 0% used [0x000000077db00000,0x000000077db00000,0x000000077e600000)
 ParOldGen       total 78336K, used 15549K [0x00000006ca000000, 0x00000006cec80000, 0x000000076e000000)
  object space 78336K, 19% used [0x00000006ca000000,0x00000006caf2f6d0,0x00000006cec80000)
 Metaspace       used 33933K, capacity 34678K, committed 34816K, reserved 1079296K
  class space    used 4102K, capacity 4281K, committed 4352K, reserved 1048576K
}

Deoptimization events (10 events):
Event: 4.673 Thread 0x00000000267d7000 Uncommon trap: reason=unreached action=reinterpret pc=0x0000000003651558 method=java.lang.ref.ReferenceQueue.remove(J)Ljava/lang/ref/Reference; @ 55
Event: 9.926 Thread 0x0000000002919000 Uncommon trap: reason=unreached action=reinterpret pc=0x0000000002f31300 method=java.lang.AbstractStringBuilder.append(Ljava/lang/String;)Ljava/lang/AbstractStringBuilder; @ 1
Event: 9.935 Thread 0x0000000002919000 Uncommon trap: reason=unreached action=reinterpret pc=0x000000000369f398 method=java.net.URLClassLoader.isSealed(Ljava/lang/String;Ljava/util/jar/Manifest;)Z @ 26
Event: 10.154 Thread 0x0000000002919000 Uncommon trap: reason=bimorphic action=maybe_recompile pc=0x0000000003259dc8 method=java.util.regex.Matcher.match(II)Z @ 86
Event: 10.198 Thread 0x0000000002919000 Uncommon trap: reason=unreached action=reinterpret pc=0x0000000003541bc8 method=java.lang.String.valueOf(Ljava/lang/Object;)Ljava/lang/String; @ 1
Event: 10.291 Thread 0x0000000002919000 Uncommon trap: reason=bimorphic action=maybe_recompile pc=0x00000000036c8280 method=java.util.HashMap.putVal(ILjava/lang/Object;Ljava/lang/Object;ZZ)Ljava/lang/Object; @ 253
Event: 10.294 Thread 0x0000000002919000 Uncommon trap: reason=bimorphic action=maybe_recompile pc=0x00000000036c8280 method=java.util.HashMap.putVal(ILjava/lang/Object;Ljava/lang/Object;ZZ)Ljava/lang/Object; @ 253
Event: 10.622 Thread 0x0000000002919000 Uncommon trap: reason=unreached action=reinterpret pc=0x0000000003a283c4 method=org.apache.ibatis.parsing.GenericTokenParser.parse(Ljava/lang/String;)Ljava/lang/String; @ 107
Event: 10.991 Thread 0x0000000002919000 Uncommon trap: reason=null_check action=make_not_entrant pc=0x0000000003c787b8 method=org.apache.xerces.dom.ElementImpl.getDefaultAttributes()Lorg/apache/xerces/dom/NamedNodeMapImpl; @ 7
Event: 11.589 Thread 0x0000000002919000 Uncommon trap: reason=null_check action=make_not_entrant pc=0x0000000003e82248 method=org.apache.xerces.dom.ElementImpl.getDefaultAttributes()Lorg/apache/xerces/dom/NamedNodeMapImpl; @ 7

Internal exceptions (10 events):
Event: 10.229 Thread 0x0000000002919000 Exception <a 'java/security/PrivilegedActionException'> (0x000000076ef54448) thrown at [C:\workspace\8-2-build-windows-amd64-cygwin\jdk8u31\2394\hotspot\src\share\vm\prims\jvm.cpp, line 1312]
Event: 10.237 Thread 0x0000000002919000 Exception <a 'java/security/PrivilegedActionException'> (0x000000076f0d7ca0) thrown at [C:\workspace\8-2-build-windows-amd64-cygwin\jdk8u31\2394\hotspot\src\share\vm\prims\jvm.cpp, line 1312]
Event: 10.284 Thread 0x0000000002919000 Exception <a 'java/security/PrivilegedActionException'> (0x000000076faf1f78) thrown at [C:\workspace\8-2-build-windows-amd64-cygwin\jdk8u31\2394\hotspot\src\share\vm\prims\jvm.cpp, line 1312]
Event: 10.465 Thread 0x0000000002919000 Exception <a 'java/security/PrivilegedActionException'> (0x0000000773d04738) thrown at [C:\workspace\8-2-build-windows-amd64-cygwin\jdk8u31\2394\hotspot\src\share\vm\prims\jvm.cpp, line 1312]
Event: 10.466 Thread 0x0000000002919000 Exception <a 'java/security/PrivilegedActionException'> (0x0000000773d0bc10) thrown at [C:\workspace\8-2-build-windows-amd64-cygwin\jdk8u31\2394\hotspot\src\share\vm\prims\jvm.cpp, line 1312]
Event: 10.466 Thread 0x0000000002919000 Exception <a 'java/security/PrivilegedActionException'> (0x0000000773d139b0) thrown at [C:\workspace\8-2-build-windows-amd64-cygwin\jdk8u31\2394\hotspot\src\share\vm\prims\jvm.cpp, line 1312]
Event: 10.467 Thread 0x0000000002919000 Exception <a 'java/security/PrivilegedActionException'> (0x0000000773d1b3a0) thrown at [C:\workspace\8-2-build-windows-amd64-cygwin\jdk8u31\2394\hotspot\src\share\vm\prims\jvm.cpp, line 1312]
Event: 10.599 Thread 0x0000000002919000 Exception <a 'java/security/PrivilegedActionException'> (0x000000076f2858b0) thrown at [C:\workspace\8-2-build-windows-amd64-cygwin\jdk8u31\2394\hotspot\src\share\vm\prims\jvm.cpp, line 1312]
Event: 10.991 Thread 0x0000000002919000 Implicit null exception at 0x0000000003c6aa33 to 0x0000000003c78799
Event: 11.589 Thread 0x0000000002919000 Implicit null exception at 0x0000000003e6ea29 to 0x0000000003e821ed

Events (10 events):
Event: 11.670 Thread 0x0000000002919000 DEOPT PACKING pc=0x00000000039a6018 sp=0x000000000290b370
Event: 11.670 Thread 0x0000000002919000 DEOPT UNPACKING pc=0x0000000002be71bf sp=0x000000000290b088 mode 1
Event: 11.673 Thread 0x0000000002919000 DEOPT PACKING pc=0x00000000038ce7f3 sp=0x000000000290b310
Event: 11.673 Thread 0x0000000002919000 DEOPT UNPACKING pc=0x0000000002be71bf sp=0x000000000290b030 mode 1
Event: 11.673 Thread 0x0000000002919000 DEOPT PACKING pc=0x00000000039a6018 sp=0x000000000290b370
Event: 11.673 Thread 0x0000000002919000 DEOPT UNPACKING pc=0x0000000002be71bf sp=0x000000000290b088 mode 1
Event: 11.676 Thread 0x0000000002919000 DEOPT PACKING pc=0x00000000038ce7f3 sp=0x000000000290b310
Event: 11.676 Thread 0x0000000002919000 DEOPT UNPACKING pc=0x0000000002be71bf sp=0x000000000290b030 mode 1
Event: 11.676 Thread 0x0000000002919000 DEOPT PACKING pc=0x00000000039a6018 sp=0x000000000290b370
Event: 11.676 Thread 0x0000000002919000 DEOPT UNPACKING pc=0x0000000002be71bf sp=0x000000000290b088 mode 1


Dynamic libraries:
0x00007ff774770000 - 0x00007ff7747a4000 	C:\Program Files\Java\jdk1.8.0_31\bin\java.exe
0x00007ffd93520000 - 0x00007ffd93710000 	C:\Windows\SYSTEM32\ntdll.dll
0x00007ffd926b0000 - 0x00007ffd92762000 	C:\Windows\System32\KERNEL32.DLL
0x00007ffd90750000 - 0x00007ffd909f4000 	C:\Windows\System32\KERNELBASE.dll
0x00007ffd91e80000 - 0x00007ffd91f23000 	C:\Windows\System32\ADVAPI32.dll
0x00007ffd921a0000 - 0x00007ffd9223e000 	C:\Windows\System32\msvcrt.dll
0x00007ffd93360000 - 0x00007ffd933f7000 	C:\Windows\System32\sechost.dll
0x00007ffd92840000 - 0x00007ffd92960000 	C:\Windows\System32\RPCRT4.dll
0x00007ffd92f70000 - 0x00007ffd93104000 	C:\Windows\System32\USER32.dll
0x00007ffd904b0000 - 0x00007ffd904d1000 	C:\Windows\System32\win32u.dll
0x00007ffd93190000 - 0x00007ffd931b6000 	C:\Windows\System32\GDI32.dll
0x00007ffd91430000 - 0x00007ffd915c5000 	C:\Windows\System32\gdi32full.dll
0x00007ffd906b0000 - 0x00007ffd9074e000 	C:\Windows\System32\msvcp_win.dll
0x00007ffd91280000 - 0x00007ffd9137a000 	C:\Windows\System32\ucrtbase.dll
0x00007ffd79d70000 - 0x00007ffd79ff4000 	C:\Windows\WinSxS\amd64_microsoft.windows.common-controls_6595b64144ccf1df_6.0.18362.900_none_e6beb9d913147d17\COMCTL32.dll
0x00007ffd92960000 - 0x00007ffd92c95000 	C:\Windows\System32\combase.dll
0x00007ffd90630000 - 0x00007ffd906b0000 	C:\Windows\System32\bcryptPrimitives.dll
0x00007ffd93330000 - 0x00007ffd9335e000 	C:\Windows\System32\IMM32.DLL
0x0000000077f20000 - 0x0000000077ff2000 	C:\Program Files\Java\jdk1.8.0_31\jre\bin\msvcr100.dll
0x0000000076d30000 - 0x000000007758a000 	C:\Program Files\Java\jdk1.8.0_31\jre\bin\server\jvm.dll
0x00007ffd93400000 - 0x00007ffd93408000 	C:\Windows\System32\PSAPI.DLL
0x00007ffd7b250000 - 0x00007ffd7b259000 	C:\Windows\SYSTEM32\WSOCK32.dll
0x00007ffd8d9d0000 - 0x00007ffd8d9f4000 	C:\Windows\SYSTEM32\WINMM.dll
0x00007ffd93470000 - 0x00007ffd934df000 	C:\Windows\System32\WS2_32.dll
0x00007ffd8d9a0000 - 0x00007ffd8d9cd000 	C:\Windows\SYSTEM32\winmmbase.dll
0x00007ffd90ab0000 - 0x00007ffd90afa000 	C:\Windows\System32\cfgmgr32.dll
0x0000000051360000 - 0x000000005136f000 	C:\Program Files\Java\jdk1.8.0_31\jre\bin\verify.dll
0x0000000051330000 - 0x0000000051358000 	C:\Program Files\Java\jdk1.8.0_31\jre\bin\java.dll
0x00000000513c0000 - 0x00000000513f5000 	C:\Program Files\Java\jdk1.8.0_31\jre\bin\jdwp.dll
0x00000000513b0000 - 0x00000000513b8000 	C:\Program Files\Java\jdk1.8.0_31\jre\bin\npt.dll
0x00000000510b0000 - 0x00000000510d3000 	C:\Program Files\Java\jdk1.8.0_31\jre\bin\instrument.dll
0x0000000051310000 - 0x0000000051326000 	C:\Program Files\Java\jdk1.8.0_31\jre\bin\zip.dll
0x00007ffd91790000 - 0x00007ffd91e76000 	C:\Windows\System32\SHELL32.dll
0x00007ffd92d00000 - 0x00007ffd92da9000 	C:\Windows\System32\shcore.dll
0x00007ffd90b00000 - 0x00007ffd91280000 	C:\Windows\System32\windows.storage.dll
0x00007ffd90430000 - 0x00007ffd90453000 	C:\Windows\System32\profapi.dll
0x00007ffd90460000 - 0x00007ffd904aa000 	C:\Windows\System32\powrprof.dll
0x00007ffd903e0000 - 0x00007ffd903f0000 	C:\Windows\System32\UMPDC.dll
0x00007ffd92090000 - 0x00007ffd920e2000 	C:\Windows\System32\shlwapi.dll
0x00007ffd903f0000 - 0x00007ffd90401000 	C:\Windows\System32\kernel.appcore.dll
0x00007ffd90a00000 - 0x00007ffd90a17000 	C:\Windows\System32\cryptsp.dll
0x00000000513a0000 - 0x00000000513a9000 	C:\Program Files\Java\jdk1.8.0_31\jre\bin\dt_socket.dll
0x00007ffd854d0000 - 0x00007ffd8564a000 	C:\Program Files (x86)\Sangfor\VDI\ClientComponent\1_SangforTcpX64.dll
0x00007ffd91f30000 - 0x00007ffd92087000 	C:\Windows\System32\ole32.dll
0x00007ffd92770000 - 0x00007ffd92835000 	C:\Windows\System32\OLEAUT32.dll
0x00007ffd90a50000 - 0x00007ffd90aac000 	C:\Windows\System32\WINTRUST.dll
0x00007ffd90410000 - 0x00007ffd90422000 	C:\Windows\System32\MSASN1.dll
0x00007ffd904e0000 - 0x00007ffd90629000 	C:\Windows\System32\CRYPT32.dll
0x00007ffd88b40000 - 0x00007ffd88b4a000 	C:\Windows\SYSTEM32\VERSION.dll
0x00007ffd8fc50000 - 0x00007ffd8fcb7000 	C:\Windows\system32\mswsock.dll
0x0000000051390000 - 0x000000005139d000 	C:\Program Files\Java\jdk1.8.0_31\jre\bin\management.dll
0x00000000512f0000 - 0x000000005130a000 	C:\Program Files\Java\jdk1.8.0_31\jre\bin\net.dll
0x00007ffd7ac00000 - 0x00007ffd7ac33000 	C:\Program Files (x86)\Sangfor\SSL\ClientComponent2\SangforNspX64.dll
0x00007ffd78830000 - 0x00007ffd78846000 	C:\Windows\system32\napinsp.dll
0x00007ffd788f0000 - 0x00007ffd7890a000 	C:\Windows\system32\pnrpnsp.dll
0x00007ffd8f9b0000 - 0x00007ffd8fa7b000 	C:\Windows\SYSTEM32\DNSAPI.dll
0x00007ffd915d0000 - 0x00007ffd915d8000 	C:\Windows\System32\NSI.dll
0x00007ffd8f960000 - 0x00007ffd8f99a000 	C:\Windows\SYSTEM32\IPHLPAPI.DLL
0x00007ffd788e0000 - 0x00007ffd788ee000 	C:\Windows\System32\winrnr.dll
0x00007ffd8c8f0000 - 0x00007ffd8c90c000 	C:\Windows\system32\NLAapi.dll
0x00007ffd8be80000 - 0x00007ffd8be95000 	C:\Windows\system32\wshbth.dll
0x00000000524e0000 - 0x0000000052506000 	C:\Program Files\Bonjour\mdnsNSP.dll
0x00007ffd850f0000 - 0x00007ffd850fa000 	C:\Windows\System32\rasadhlp.dll
0x00007ffd84c50000 - 0x00007ffd84cc7000 	C:\Windows\System32\fwpuclnt.dll
0x00007ffd90a20000 - 0x00007ffd90a46000 	C:\Windows\System32\bcrypt.dll
0x0000000050f40000 - 0x0000000050f51000 	C:\Program Files\Java\jdk1.8.0_31\jre\bin\nio.dll
0x00007ffd88410000 - 0x00007ffd88426000 	C:\Windows\SYSTEM32\dhcpcsvc6.DLL
0x00007ffd878f0000 - 0x00007ffd8790c000 	C:\Windows\SYSTEM32\dhcpcsvc.DLL
0x00007ffd8f7c0000 - 0x00007ffd8f7f3000 	C:\Windows\system32\rsaenh.dll
0x00007ffd90300000 - 0x00007ffd90325000 	C:\Windows\SYSTEM32\USERENV.dll
0x00007ffd8fe20000 - 0x00007ffd8fe2c000 	C:\Windows\SYSTEM32\CRYPTBASE.dll
0x0000000051040000 - 0x0000000051064000 	C:\Program Files\Java\jdk1.8.0_31\jre\bin\sunec.dll
0x00007ffd8ede0000 - 0x00007ffd8efd4000 	C:\Windows\SYSTEM32\dbghelp.dll

VM Arguments:
jvm_args: -agentlib:jdwp=transport=dt_socket,address=127.0.0.1:60521,suspend=y,server=n -javaagent:D:\°²×°°ü\IDE\ideaIU-2019.1.2.win\lib\rt\debugger-agent.jar -Dfile.encoding=UTF-8 
java_command: org.apache.dolphinscheduler.server.master.MasterServer
java_class_path (initial): C:\Program Files\Java\jdk1.8.0_31\jre\lib\charsets.jar;C:\Program Files\Java\jdk1.8.0_31\jre\lib\deploy.jar;C:\Program Files\Java\jdk1.8.0_31\jre\lib\ext\access-bridge-64.jar;C:\Program Files\Java\jdk1.8.0_31\jre\lib\ext\cldrdata.jar;C:\Program Files\Java\jdk1.8.0_31\jre\lib\ext\dnsns.jar;C:\Program Files\Java\jdk1.8.0_31\jre\lib\ext\jaccess.jar;C:\Program Files\Java\jdk1.8.0_31\jre\lib\ext\jfxrt.jar;C:\Program Files\Java\jdk1.8.0_31\jre\lib\ext\localedata.jar;C:\Program Files\Java\jdk1.8.0_31\jre\lib\ext\nashorn.jar;C:\Program Files\Java\jdk1.8.0_31\jre\lib\ext\sunec.jar;C:\Program Files\Java\jdk1.8.0_31\jre\lib\ext\sunjce_provider.jar;C:\Program Files\Java\jdk1.8.0_31\jre\lib\ext\sunmscapi.jar;C:\Program Files\Java\jdk1.8.0_31\jre\lib\ext\sunpkcs11.jar;C:\Program Files\Java\jdk1.8.0_31\jre\lib\ext\zipfs.jar;C:\Program Files\Java\jdk1.8.0_31\jre\lib\javaws.jar;C:\Program Files\Java\jdk1.8.0_31\jre\lib\jce.jar;C:\Program Files\Java\jdk1.8.0_31\jre\lib\jfr.jar;C:\Program Files\Java\jdk1.8.0_31\jre\lib\jfxswt.jar;C:\Program Files\Java\jdk1.8.0_31\jre\lib\jsse.jar;C:\Program Files\Java\jdk1.8.0_31\jre\lib\management-agent.jar;C:\Program Files\Java\jdk1.8.0_31\jre\lib\plugin.jar;C:\Program Files\Java\jdk1.8.0_31\jre\lib\resources.jar;C:\Program Files\Java\jdk1.8.0_31\jre\lib\rt.jar;D:\SourceCode\dolphinscheduler\globalParam\incubator-dolphinscheduler\dolphinscheduler-server\target\classes;D:\SourceCode\dolphinscheduler\globalParam\incubator-dolphinscheduler\dolphinscheduler-spi\target\classes;D:\shencw2\maven_repo\com\fasterxml\jackson\core\jackson-annotations\2.10.5\jackson-annotations-2.10.5.jar;D:\shencw2\maven_repo\com\fasterxml\jackson\core\jackson-databind\2.10.5\jackson-databind-2.10.5.jar;D:\shencw2\maven_repo\com\fasterxml\jackson\core\jackson-core\2.10.5\jackson-core-2.10.5.jar;D:\SourceCode\dolphinscheduler\globalParam\incubator-dolphinscheduler\dolphinscheduler-common\target\classes;D:\shencw2\maven_repo\commons-configuration\com
Launcher Type: SUN_STANDARD

Environment Variables:
JAVA_HOME=C:\Program Files\Java\jdk1.8.0_31
PATH=C:\Python39\Scripts\;C:\Python39\;C:\Program Files (x86)\NetSarang\Xshell 6\;C:\ProgramData\Oracle\Java\javapath;C:\Windows\system32;C:\Windows;C:\Windows\System32\Wbem;C:\Windows\System32\WindowsPowerShell\v1.0\;C:\Windows\System32\OpenSSH\;C:\Program Files (x86)\NVIDIA Corporation\PhysX\Common;C:\Program Files\NVIDIA Corporation\NVIDIA NvDLISR;C:\Program Files\Git\cmd;C:\Program Files\TortoiseGit\bin;D:\toor\apache-maven-3.3.9\bin;C:\Program Files\TortoiseSVN\bin;C:\Program Files\Java\jdk1.8.0_31\bin;D:\toor\mysql-8.0.21-winx64\bin;C:\Program Files (x86)\MySQL\MySQL Server 5.5\bin;C:\Program Files\nodejs\;C:\ProgramData\chocolatey\bin;C:\Users\86186\AppData\Local\Microsoft\WindowsApps;C:\Users\86186\AppData\Roaming\npm
USERNAME=86186
OS=Windows_NT
PROCESSOR_IDENTIFIER=AMD64 Family 23 Model 96 Stepping 1, AuthenticAMD



---------------  S Y S T E M  ---------------

OS: Windows 8.1 , 64 bit Build 9600 

CPU:total 16 (16 cores per cpu, 1 threads per core) family 23 model 96 stepping 1, cmov, cx8, fxsr, mmx, sse, sse2, sse3, ssse3, sse4.1, sse4.2, popcnt, avx, avx2, aes, clmul, mmxext, 3dnowpref, lzcnt, sse4a, tsc, tscinvbit, tscinv, bmi1

Memory: 4k page, physical 16119108k(2457368k free), swap 29226304k(5764k free)

vm_info: Java HotSpot(TM) 64-Bit Server VM (25.31-b07) for windows-amd64 JRE (1.8.0_31-b13), built on Dec 17 2014 21:00:28 by "java_re" with MS VC++ 10.0 (VS2010)

time: Wed Feb 03 17:37:38 2021
elapsed time: 11 seconds (0d 0h 0m 11s)

